{"/Users/rudraamin/Documents/CS_386/Study_Group_Platform/backend/controllers/messageController.js": {"path":"/Users/rudraamin/Documents/CS_386/Study_Group_Platform/backend/controllers/messageController.js","statementMap":{"0":{"start":{"line":1,"column":21},"end":{"line":1,"column":53}},"1":{"start":{"line":2,"column":16},"end":{"line":2,"column":52}},"2":{"start":{"line":3,"column":14},"end":{"line":3,"column":48}},"3":{"start":{"line":5,"column":20},"end":{"line":41,"column":1}},"4":{"start":{"line":6,"column":4},"end":{"line":40,"column":5}},"5":{"start":{"line":8,"column":26},"end":{"line":8,"column":34}},"6":{"start":{"line":9,"column":37},"end":{"line":9,"column":47}},"7":{"start":{"line":11,"column":24},"end":{"line":13,"column":10}},"8":{"start":{"line":16,"column":9},"end":{"line":18,"column":9}},"9":{"start":{"line":17,"column":13},"end":{"line":17,"column":73}},"10":{"start":{"line":21,"column":27},"end":{"line":25,"column":10}},"11":{"start":{"line":28,"column":8},"end":{"line":28,"column":32}},"12":{"start":{"line":31,"column":8},"end":{"line":31,"column":48}},"13":{"start":{"line":32,"column":8},"end":{"line":32,"column":31}},"14":{"start":{"line":35,"column":8},"end":{"line":35,"column":41}},"15":{"start":{"line":38,"column":8},"end":{"line":38,"column":71}},"16":{"start":{"line":39,"column":8},"end":{"line":39,"column":65}},"17":{"start":{"line":43,"column":22},"end":{"line":85,"column":1}},"18":{"start":{"line":44,"column":4},"end":{"line":84,"column":5}},"19":{"start":{"line":45,"column":33},"end":{"line":45,"column":43}},"20":{"start":{"line":46,"column":25},"end":{"line":46,"column":40}},"21":{"start":{"line":49,"column":24},"end":{"line":49,"column":57}},"22":{"start":{"line":52,"column":8},"end":{"line":54,"column":9}},"23":{"start":{"line":53,"column":12},"end":{"line":53,"column":72}},"24":{"start":{"line":57,"column":22},"end":{"line":57,"column":59}},"25":{"start":{"line":58,"column":8},"end":{"line":60,"column":9}},"26":{"start":{"line":59,"column":12},"end":{"line":59,"column":70}},"27":{"start":{"line":63,"column":8},"end":{"line":63,"column":67}},"28":{"start":{"line":65,"column":8},"end":{"line":67,"column":9}},"29":{"start":{"line":66,"column":12},"end":{"line":66,"column":104}},"30":{"start":{"line":70,"column":8},"end":{"line":73,"column":10}},"31":{"start":{"line":76,"column":8},"end":{"line":76,"column":31}},"32":{"start":{"line":79,"column":8},"end":{"line":79,"column":74}},"33":{"start":{"line":82,"column":8},"end":{"line":82,"column":75}},"34":{"start":{"line":83,"column":8},"end":{"line":83,"column":65}},"35":{"start":{"line":87,"column":19},"end":{"line":105,"column":1}},"36":{"start":{"line":88,"column":4},"end":{"line":104,"column":5}},"37":{"start":{"line":90,"column":23},"end":{"line":90,"column":33}},"38":{"start":{"line":93,"column":24},"end":{"line":93,"column":81}},"39":{"start":{"line":95,"column":8},"end":{"line":97,"column":9}},"40":{"start":{"line":96,"column":12},"end":{"line":96,"column":72}},"41":{"start":{"line":100,"column":8},"end":{"line":100,"column":38}},"42":{"start":{"line":102,"column":4},"end":{"line":102,"column":67}},"43":{"start":{"line":103,"column":4},"end":{"line":103,"column":61}},"44":{"start":{"line":107,"column":0},"end":{"line":107,"column":57}}},"fnMap":{"0":{"name":"(anonymous_0)","decl":{"start":{"line":5,"column":20},"end":{"line":5,"column":21}},"loc":{"start":{"line":5,"column":40},"end":{"line":41,"column":1}},"line":5},"1":{"name":"(anonymous_1)","decl":{"start":{"line":43,"column":22},"end":{"line":43,"column":23}},"loc":{"start":{"line":43,"column":41},"end":{"line":85,"column":1}},"line":43},"2":{"name":"(anonymous_2)","decl":{"start":{"line":87,"column":19},"end":{"line":87,"column":20}},"loc":{"start":{"line":87,"column":38},"end":{"line":105,"column":1}},"line":87}},"branchMap":{"0":{"loc":{"start":{"line":16,"column":9},"end":{"line":18,"column":9}},"type":"if","locations":[{"start":{"line":16,"column":9},"end":{"line":18,"column":9}},{"start":{},"end":{}}],"line":16},"1":{"loc":{"start":{"line":52,"column":8},"end":{"line":54,"column":9}},"type":"if","locations":[{"start":{"line":52,"column":8},"end":{"line":54,"column":9}},{"start":{},"end":{}}],"line":52},"2":{"loc":{"start":{"line":58,"column":8},"end":{"line":60,"column":9}},"type":"if","locations":[{"start":{"line":58,"column":8},"end":{"line":60,"column":9}},{"start":{},"end":{}}],"line":58},"3":{"loc":{"start":{"line":65,"column":8},"end":{"line":67,"column":9}},"type":"if","locations":[{"start":{"line":65,"column":8},"end":{"line":67,"column":9}},{"start":{},"end":{}}],"line":65},"4":{"loc":{"start":{"line":95,"column":8},"end":{"line":97,"column":9}},"type":"if","locations":[{"start":{"line":95,"column":8},"end":{"line":97,"column":9}},{"start":{},"end":{}}],"line":95}},"s":{"0":1,"1":1,"2":1,"3":1,"4":0,"5":0,"6":0,"7":0,"8":0,"9":0,"10":0,"11":0,"12":0,"13":0,"14":0,"15":0,"16":0,"17":1,"18":0,"19":0,"20":0,"21":0,"22":0,"23":0,"24":0,"25":0,"26":0,"27":0,"28":0,"29":0,"30":0,"31":0,"32":0,"33":0,"34":0,"35":1,"36":0,"37":0,"38":0,"39":0,"40":0,"41":0,"42":0,"43":0,"44":1},"f":{"0":0,"1":0,"2":0},"b":{"0":[0,0],"1":[0,0],"2":[0,0],"3":[0,0],"4":[0,0]},"_coverageSchema":"1a1c01bbd47fc00a2c39e90264f33305004495a9","hash":"64f521c9bb1ceefcdea9cb94f9ec469ea4e046b7"}
,"/Users/rudraamin/Documents/CS_386/Study_Group_Platform/backend/models/GroupModel.js": {"path":"/Users/rudraamin/Documents/CS_386/Study_Group_Platform/backend/models/GroupModel.js","statementMap":{"0":{"start":{"line":9,"column":17},"end":{"line":9,"column":36}},"1":{"start":{"line":11,"column":20},"end":{"line":49,"column":2}},"2":{"start":{"line":51,"column":0},"end":{"line":51,"column":54}}},"fnMap":{},"branchMap":{},"s":{"0":1,"1":1,"2":1},"f":{},"b":{},"_coverageSchema":"1a1c01bbd47fc00a2c39e90264f33305004495a9","hash":"503177896d890bc70127cc69af18a1416ac74614"}
,"/Users/rudraamin/Documents/CS_386/Study_Group_Platform/backend/models/MessageModel.js": {"path":"/Users/rudraamin/Documents/CS_386/Study_Group_Platform/backend/models/MessageModel.js","statementMap":{"0":{"start":{"line":6,"column":17},"end":{"line":6,"column":36}},"1":{"start":{"line":7,"column":19},"end":{"line":7,"column":27}},"2":{"start":{"line":9,"column":22},"end":{"line":29,"column":2}},"3":{"start":{"line":31,"column":0},"end":{"line":31,"column":57}}},"fnMap":{},"branchMap":{},"s":{"0":1,"1":1,"2":1,"3":1},"f":{},"b":{},"_coverageSchema":"1a1c01bbd47fc00a2c39e90264f33305004495a9","hash":"ed41d12240fdb4ab5319ce57ae0e31fc8b0e77fb"}
}
