{"/Users/twurp/Desktop/cs386/Study_Group_Platform/backend/config/generateToken.js": {"path":"/Users/twurp/Desktop/cs386/Study_Group_Platform/backend/config/generateToken.js","statementMap":{"0":{"start":{"line":1,"column":12},"end":{"line":1,"column":35}},"1":{"start":{"line":3,"column":22},"end":{"line":7,"column":1}},"2":{"start":{"line":4,"column":4},"end":{"line":6,"column":7}},"3":{"start":{"line":9,"column":0},"end":{"line":9,"column":31}}},"fnMap":{"0":{"name":"(anonymous_0)","decl":{"start":{"line":3,"column":22},"end":{"line":3,"column":23}},"loc":{"start":{"line":3,"column":30},"end":{"line":7,"column":1}},"line":3}},"branchMap":{},"s":{"0":1,"1":1,"2":0,"3":1},"f":{"0":0},"b":{},"_coverageSchema":"1a1c01bbd47fc00a2c39e90264f33305004495a9","hash":"ded96fa7e46fa0906ed158e55909028edb7fc582"}
,"/Users/twurp/Desktop/cs386/Study_Group_Platform/backend/controllers/studentController.js": {"path":"/Users/twurp/Desktop/cs386/Study_Group_Platform/backend/controllers/studentController.js","statementMap":{"0":{"start":{"line":1,"column":21},"end":{"line":1,"column":53}},"1":{"start":{"line":2,"column":16},"end":{"line":2,"column":49}},"2":{"start":{"line":3,"column":21},"end":{"line":3,"column":54}},"3":{"start":{"line":4,"column":17},"end":{"line":4,"column":36}},"4":{"start":{"line":5,"column":22},"end":{"line":5,"column":56}},"5":{"start":{"line":18,"column":20},"end":{"line":21,"column":2}},"6":{"start":{"line":19,"column":21},"end":{"line":19,"column":41}},"7":{"start":{"line":20,"column":4},"end":{"line":20,"column":39}},"8":{"start":{"line":26,"column":19},"end":{"line":92,"column":2}},"9":{"start":{"line":27,"column":4},"end":{"line":27,"column":25}},"10":{"start":{"line":38,"column":8},"end":{"line":38,"column":16}},"11":{"start":{"line":45,"column":4},"end":{"line":47,"column":5}},"12":{"start":{"line":46,"column":8},"end":{"line":46,"column":91}},"13":{"start":{"line":49,"column":4},"end":{"line":90,"column":5}},"14":{"start":{"line":50,"column":28},"end":{"line":50,"column":79}},"15":{"start":{"line":51,"column":8},"end":{"line":51,"column":78}},"16":{"start":{"line":51,"column":27},"end":{"line":51,"column":78}},"17":{"start":{"line":53,"column":8},"end":{"line":53,"column":81}},"18":{"start":{"line":54,"column":8},"end":{"line":54,"column":72}},"19":{"start":{"line":54,"column":27},"end":{"line":54,"column":72}},"20":{"start":{"line":56,"column":34},"end":{"line":56,"column":105}},"21":{"start":{"line":58,"column":25},"end":{"line":69,"column":10}},"22":{"start":{"line":72,"column":8},"end":{"line":72,"column":45}},"23":{"start":{"line":74,"column":8},"end":{"line":86,"column":10}},"24":{"start":{"line":88,"column":8},"end":{"line":88,"column":57}},"25":{"start":{"line":89,"column":8},"end":{"line":89,"column":61}},"26":{"start":{"line":115,"column":22},"end":{"line":126,"column":2}},"27":{"start":{"line":116,"column":20},"end":{"line":116,"column":57}},"28":{"start":{"line":118,"column":4},"end":{"line":121,"column":5}},"29":{"start":{"line":119,"column":8},"end":{"line":119,"column":24}},"30":{"start":{"line":120,"column":8},"end":{"line":120,"column":45}},"31":{"start":{"line":123,"column":27},"end":{"line":123,"column":96}},"32":{"start":{"line":125,"column":4},"end":{"line":125,"column":40}},"33":{"start":{"line":130,"column":20},"end":{"line":150,"column":2}},"34":{"start":{"line":131,"column":4},"end":{"line":149,"column":5}},"35":{"start":{"line":132,"column":37},"end":{"line":132,"column":47}},"36":{"start":{"line":133,"column":8},"end":{"line":135,"column":9}},"37":{"start":{"line":134,"column":12},"end":{"line":134,"column":66}},"38":{"start":{"line":136,"column":24},"end":{"line":140,"column":9}},"39":{"start":{"line":141,"column":8},"end":{"line":144,"column":9}},"40":{"start":{"line":142,"column":12},"end":{"line":142,"column":28}},"41":{"start":{"line":143,"column":12},"end":{"line":143,"column":48}},"42":{"start":{"line":145,"column":8},"end":{"line":145,"column":37}},"43":{"start":{"line":147,"column":8},"end":{"line":147,"column":57}},"44":{"start":{"line":148,"column":8},"end":{"line":148,"column":59}},"45":{"start":{"line":155,"column":22},"end":{"line":158,"column":2}},"46":{"start":{"line":156,"column":27},"end":{"line":156,"column":73}},"47":{"start":{"line":157,"column":4},"end":{"line":157,"column":40}},"48":{"start":{"line":161,"column":0},"end":{"line":167,"column":1}}},"fnMap":{"0":{"name":"(anonymous_0)","decl":{"start":{"line":18,"column":33},"end":{"line":18,"column":34}},"loc":{"start":{"line":18,"column":53},"end":{"line":21,"column":1}},"line":18},"1":{"name":"(anonymous_1)","decl":{"start":{"line":26,"column":32},"end":{"line":26,"column":33}},"loc":{"start":{"line":26,"column":52},"end":{"line":92,"column":1}},"line":26},"2":{"name":"(anonymous_2)","decl":{"start":{"line":115,"column":35},"end":{"line":115,"column":36}},"loc":{"start":{"line":115,"column":55},"end":{"line":126,"column":1}},"line":115},"3":{"name":"(anonymous_3)","decl":{"start":{"line":130,"column":33},"end":{"line":130,"column":34}},"loc":{"start":{"line":130,"column":53},"end":{"line":150,"column":1}},"line":130},"4":{"name":"(anonymous_4)","decl":{"start":{"line":155,"column":35},"end":{"line":155,"column":36}},"loc":{"start":{"line":155,"column":55},"end":{"line":158,"column":1}},"line":155}},"branchMap":{"0":{"loc":{"start":{"line":45,"column":4},"end":{"line":47,"column":5}},"type":"if","locations":[{"start":{"line":45,"column":4},"end":{"line":47,"column":5}},{"start":{},"end":{}}],"line":45},"1":{"loc":{"start":{"line":45,"column":8},"end":{"line":45,"column":78}},"type":"binary-expr","locations":[{"start":{"line":45,"column":8},"end":{"line":45,"column":18}},{"start":{"line":45,"column":22},"end":{"line":45,"column":31}},{"start":{"line":45,"column":35},"end":{"line":45,"column":42}},{"start":{"line":45,"column":46},"end":{"line":45,"column":55}},{"start":{"line":45,"column":59},"end":{"line":45,"column":65}},{"start":{"line":45,"column":69},"end":{"line":45,"column":78}}],"line":45},"2":{"loc":{"start":{"line":51,"column":8},"end":{"line":51,"column":78}},"type":"if","locations":[{"start":{"line":51,"column":8},"end":{"line":51,"column":78}},{"start":{},"end":{}}],"line":51},"3":{"loc":{"start":{"line":54,"column":8},"end":{"line":54,"column":72}},"type":"if","locations":[{"start":{"line":54,"column":8},"end":{"line":54,"column":72}},{"start":{},"end":{}}],"line":54},"4":{"loc":{"start":{"line":68,"column":27},"end":{"line":68,"column":84}},"type":"cond-expr","locations":[{"start":{"line":68,"column":51},"end":{"line":68,"column":64}},{"start":{"line":68,"column":67},"end":{"line":68,"column":84}}],"line":68},"5":{"loc":{"start":{"line":118,"column":4},"end":{"line":121,"column":5}},"type":"if","locations":[{"start":{"line":118,"column":4},"end":{"line":121,"column":5}},{"start":{},"end":{}}],"line":118},"6":{"loc":{"start":{"line":133,"column":8},"end":{"line":135,"column":9}},"type":"if","locations":[{"start":{"line":133,"column":8},"end":{"line":135,"column":9}},{"start":{},"end":{}}],"line":133},"7":{"loc":{"start":{"line":133,"column":12},"end":{"line":133,"column":100}},"type":"binary-expr","locations":[{"start":{"line":133,"column":12},"end":{"line":133,"column":55}},{"start":{"line":133,"column":59},"end":{"line":133,"column":100}}],"line":133},"8":{"loc":{"start":{"line":141,"column":8},"end":{"line":144,"column":9}},"type":"if","locations":[{"start":{"line":141,"column":8},"end":{"line":144,"column":9}},{"start":{},"end":{}}],"line":141}},"s":{"0":1,"1":1,"2":1,"3":1,"4":1,"5":1,"6":8,"7":4,"8":1,"9":12,"10":12,"11":12,"12":3,"13":9,"14":9,"15":6,"16":3,"17":3,"18":3,"19":3,"20":0,"21":0,"22":0,"23":0,"24":3,"25":3,"26":1,"27":6,"28":4,"29":2,"30":2,"31":2,"32":2,"33":1,"34":0,"35":0,"36":0,"37":0,"38":0,"39":0,"40":0,"41":0,"42":0,"43":0,"44":0,"45":1,"46":3,"47":2,"48":1},"f":{"0":8,"1":12,"2":6,"3":0,"4":3},"b":{"0":[3,9],"1":[12,12,12,12,12,12],"2":[3,3],"3":[3,0],"4":[0,0],"5":[2,2],"6":[0,0],"7":[0,0],"8":[0,0]},"_coverageSchema":"1a1c01bbd47fc00a2c39e90264f33305004495a9","hash":"9e7b0cc7aceff6c4b24a97c210d8760dfc9991ab"}
,"/Users/twurp/Desktop/cs386/Study_Group_Platform/backend/models/StudentModel.js": {"path":"/Users/twurp/Desktop/cs386/Study_Group_Platform/backend/models/StudentModel.js","statementMap":{"0":{"start":{"line":14,"column":17},"end":{"line":14,"column":36}},"1":{"start":{"line":15,"column":22},"end":{"line":59,"column":2}},"2":{"start":{"line":60,"column":16},"end":{"line":60,"column":56}},"3":{"start":{"line":61,"column":0},"end":{"line":61,"column":25}}},"fnMap":{},"branchMap":{},"s":{"0":1,"1":1,"2":1,"3":1},"f":{},"b":{},"_coverageSchema":"1a1c01bbd47fc00a2c39e90264f33305004495a9","hash":"e227d67dfec5dba7239b43b76d7c36935873b87b"}
}
