TN:
SF:backend/config/generateToken.js
FN:3,(anonymous_0)
FNF:1
FNH:0
FNDA:0,(anonymous_0)
DA:1,1
DA:3,1
DA:4,0
DA:9,1
LF:4
LH:3
BRF:0
BRH:0
end_of_record
TN:
SF:backend/controllers/studentController.js
FN:18,(anonymous_0)
FN:26,(anonymous_1)
FN:115,(anonymous_2)
FN:130,(anonymous_3)
FN:155,(anonymous_4)
FNF:5
FNH:4
FNDA:8,(anonymous_0)
FNDA:12,(anonymous_1)
FNDA:6,(anonymous_2)
FNDA:0,(anonymous_3)
FNDA:3,(anonymous_4)
DA:1,1
DA:2,1
DA:3,1
DA:4,1
DA:5,1
DA:18,1
DA:19,8
DA:20,4
DA:26,1
DA:27,12
DA:38,12
DA:45,12
DA:46,3
DA:49,9
DA:50,9
DA:51,6
DA:53,3
DA:54,3
DA:56,0
DA:58,0
DA:72,0
DA:74,0
DA:88,3
DA:89,3
DA:115,1
DA:116,6
DA:118,4
DA:119,2
DA:120,2
DA:123,2
DA:125,2
DA:130,1
DA:131,0
DA:132,0
DA:133,0
DA:134,0
DA:136,0
DA:141,0
DA:142,0
DA:143,0
DA:145,0
DA:147,0
DA:148,0
DA:155,1
DA:156,3
DA:157,2
DA:161,1
LF:47
LH:32
BRDA:45,0,0,3
BRDA:45,0,1,9
BRDA:45,1,0,12
BRDA:45,1,1,12
BRDA:45,1,2,12
BRDA:45,1,3,12
BRDA:45,1,4,12
BRDA:45,1,5,12
BRDA:51,2,0,3
BRDA:51,2,1,3
BRDA:54,3,0,3
BRDA:54,3,1,0
BRDA:68,4,0,0
BRDA:68,4,1,0
BRDA:118,5,0,2
BRDA:118,5,1,2
BRDA:133,6,0,0
BRDA:133,6,1,0
BRDA:133,7,0,0
BRDA:133,7,1,0
BRDA:141,8,0,0
BRDA:141,8,1,0
BRF:22
BRH:13
end_of_record
TN:
SF:backend/models/StudentModel.js
FNF:0
FNH:0
DA:14,1
DA:15,1
DA:60,1
DA:61,1
LF:4
LH:4
BRF:0
BRH:0
end_of_record
