TN:
SF:backend/controllers/studentController.js
FN:19,(anonymous_0)
FN:29,(anonymous_1)
FN:36,(anonymous_2)
FN:111,(anonymous_3)
FN:137,(anonymous_4)
FN:167,(anonymous_5)
FN:186,(anonymous_6)
FN:213,(anonymous_7)
FNF:8
FNH:5
FNDA:2,(anonymous_0)
FNDA:0,(anonymous_1)
FNDA:4,(anonymous_2)
FNDA:0,(anonymous_3)
FNDA:0,(anonymous_4)
FNDA:3,(anonymous_5)
FNDA:4,(anonymous_6)
FNDA:3,(anonymous_7)
DA:1,1
DA:2,1
DA:3,1
DA:4,1
DA:5,1
DA:6,1
DA:19,1
DA:20,2
DA:21,2
DA:22,1
DA:24,1
DA:25,1
DA:29,1
DA:36,1
DA:37,4
DA:49,4
DA:56,4
DA:57,2
DA:60,2
DA:61,2
DA:62,2
DA:64,1
DA:65,1
DA:67,0
DA:68,0
DA:70,0
DA:72,0
DA:86,0
DA:87,0
DA:88,0
DA:89,0
DA:103,0
DA:106,0
DA:107,0
DA:111,1
DA:112,0
DA:113,0
DA:114,0
DA:115,0
DA:116,0
DA:118,0
DA:119,0
DA:121,0
DA:122,0
DA:125,0
DA:127,0
DA:132,0
DA:133,0
DA:137,1
DA:138,0
DA:139,0
DA:140,0
DA:142,0
DA:143,0
DA:167,1
DA:168,3
DA:169,3
DA:171,2
DA:172,1
DA:175,1
DA:177,1
DA:179,1
DA:180,1
DA:186,1
DA:187,4
DA:188,4
DA:190,4
DA:191,4
DA:192,1
DA:195,3
DA:200,2
DA:201,1
DA:203,1
DA:205,1
DA:206,1
DA:213,1
DA:214,3
DA:215,3
DA:216,2
DA:217,1
DA:219,1
DA:221,1
DA:222,1
DA:226,1
LF:84
LH:55
BRDA:56,0,0,2
BRDA:56,0,1,2
BRDA:56,1,0,4
BRDA:56,1,1,4
BRDA:56,1,2,4
BRDA:56,1,3,4
BRDA:56,1,4,4
BRDA:56,1,5,4
BRDA:56,1,6,3
BRDA:62,2,0,1
BRDA:62,2,1,1
BRDA:65,3,0,1
BRDA:65,3,1,0
BRDA:83,4,0,0
BRDA:83,4,1,0
BRDA:86,5,0,0
BRDA:86,5,1,0
BRDA:116,6,0,0
BRDA:116,6,1,0
BRDA:118,7,0,0
BRDA:118,7,1,0
BRDA:121,8,0,0
BRDA:121,8,1,0
BRDA:171,9,0,1
BRDA:171,9,1,1
BRDA:191,10,0,1
BRDA:191,10,1,3
BRDA:200,11,0,1
BRDA:200,11,1,1
BRDA:216,12,0,1
BRDA:216,12,1,1
BRF:31
BRH:20
end_of_record
TN:
SF:backend/models/GroupModel.js
FNF:0
FNH:0
DA:9,1
DA:11,1
DA:51,1
LF:3
LH:3
BRF:0
BRH:0
end_of_record
TN:
SF:backend/models/StudentModel.js
FNF:0
FNH:0
DA:14,1
DA:15,1
DA:64,1
DA:65,1
LF:4
LH:4
BRF:0
BRH:0
end_of_record
